<?xml version="1.0" encoding="UTF-8"?>
<!-- Generated by org.testng.reporters.JUnitReportReporter -->
<testsuite hostname="NSK-DT-LEN-1" failures="0" tests="7" name="testCases.OrderProduct_Test02" time="0.000" errors="0" timestamp="2024-10-08T13:37:02 IST" skipped="7">
  <testcase classname="testCases.OrderProduct_Test02" name="selectDropdown" time="0.000">
    <skipped/>
  </testcase> <!-- selectDropdown -->
  <system-out/>
  <testcase classname="testCases.OrderProduct_Test02" name="addProductToCart" time="0.000">
    <skipped/>
  </testcase> <!-- addProductToCart -->
  <system-out/>
  <testcase classname="testCases.OrderProduct_Test02" name="clickonCart" time="0.000">
    <skipped/>
  </testcase> <!-- clickonCart -->
  <system-out/>
  <testcase classname="testCases.OrderProduct_Test02" name="checkout" time="0.000">
    <skipped/>
  </testcase> <!-- checkout -->
  <system-out/>
  <testcase classname="testCases.OrderProduct_Test02" name="information" time="0.000">
    <skipped/>
  </testcase> <!-- information -->
  <system-out/>
  <testcase classname="testCases.OrderProduct_Test02" name="paymentInform" time="0.000">
    <skipped/>
  </testcase> <!-- paymentInform -->
  <system-out/>
  <testcase classname="testCases.OrderProduct_Test02" name="finish" time="0.000">
    <skipped/>
  </testcase> <!-- finish -->
  <system-out/>
</testsuite> <!-- testCases.OrderProduct_Test02 -->
